<?xml version="1.0" encoding="utf-8"?><testsuites name="pytest tests"><testsuite name="pytest" errors="0" failures="0" skipped="0" tests="9" time="1.934" timestamp="2026-03-11T14:29:03.171558+00:00" hostname="agent-env-982081cf-60e5-4907-a425-77d8173d7533"><testcase classname="backend.tests.test_casual_endpoints.TestCasualSettingsAPI" name="test_get_casual_setting_returns_200" time="0.323" /><testcase classname="backend.tests.test_casual_endpoints.TestCasualSettingsAPI" name="test_patch_casual_setting_toggles_value" time="0.356" /><testcase classname="backend.tests.test_casual_endpoints.TestCasualProductsAPI" name="test_get_casual_products_with_force_returns_15_products" time="0.103" /><testcase classname="backend.tests.test_casual_endpoints.TestCasualProductsAPI" name="test_casual_products_when_visible_true_returns_products" time="0.262" /><testcase classname="backend.tests.test_casual_endpoints.TestCasualProductsAPI" name="test_casual_products_when_visible_false_returns_empty" time="0.407" /><testcase classname="backend.tests.test_casual_endpoints.TestCasualProductsAPI" name="test_casual_products_category_filter_works" time="0.083" /><testcase classname="backend.tests.test_casual_endpoints.TestCasualProductsAPI" name="test_casual_product_has_colors_with_correct_structure" time="0.084" /><testcase classname="backend.tests.test_casual_endpoints.TestCasualProductsAPI" name="test_casual_product_has_sizes" time="0.087" /><testcase classname="backend.tests.test_casual_endpoints.TestCasualProductsCategoryDistribution" name="test_category_counts" time="0.109" /></testsuite></testsuites>