<?xml version="1.0" encoding="utf-8"?><testsuites name="pytest tests"><testsuite name="pytest" errors="0" failures="0" skipped="0" tests="8" time="3.809" timestamp="2026-03-10T14:28:00.767729+00:00" hostname="agent-env-982081cf-60e5-4907-a425-77d8173d7533"><testcase classname="backend.tests.test_backend_apis.TestHealthCheck" name="test_health_endpoint_returns_ok" time="0.561" /><testcase classname="backend.tests.test_backend_apis.TestProductsAPI" name="test_get_all_products_returns_98" time="0.636" /><testcase classname="backend.tests.test_backend_apis.TestProductsAPI" name="test_products_have_required_fields" time="0.423" /><testcase classname="backend.tests.test_backend_apis.TestProductsAPI" name="test_filter_products_by_category" time="0.410" /><testcase classname="backend.tests.test_backend_apis.TestProductsAPI" name="test_filter_products_by_team" time="0.412" /><testcase classname="backend.tests.test_backend_apis.TestReviewsAPI" name="test_create_review_success" time="0.401" /><testcase classname="backend.tests.test_backend_apis.TestReviewsAPI" name="test_get_reviews_success" time="0.415" /><testcase classname="backend.tests.test_backend_apis.TestCategoriesAPI" name="test_get_categories" time="0.448" /></testsuite></testsuites>