<?xml version="1.0" encoding="utf-8"?><testsuites name="pytest tests"><testsuite name="pytest" errors="0" failures="0" skipped="0" tests="13" time="128.449" timestamp="2026-02-27T06:12:08.749940+00:00" hostname="agent-env-1d788ffc-fce7-4020-b885-300d5c4266fd"><testcase classname="backend.tests.test_promo_bundle_apis.TestHealthEndpoint" name="test_health_endpoint" time="0.256" /><testcase classname="backend.tests.test_promo_bundle_apis.TestClubTeamsAPI" name="test_get_club_teams_returns_data" time="0.104" /><testcase classname="backend.tests.test_promo_bundle_apis.TestClubTeamsAPI" name="test_club_teams_have_required_fields" time="126.656" /><testcase classname="backend.tests.test_promo_bundle_apis.TestClubTeamsAPI" name="test_club_teams_have_variants_with_images" time="0.157" /><testcase classname="backend.tests.test_promo_bundle_apis.TestClubTeamsAPI" name="test_club_teams_grouped_by_league" time="0.243" /><testcase classname="backend.tests.test_promo_bundle_apis.TestClubTeamsAPI" name="test_club_teams_have_multiple_years" time="0.103" /><testcase classname="backend.tests.test_promo_bundle_apis.TestNationalTeamsAPI" name="test_get_national_teams_returns_data" time="0.108" /><testcase classname="backend.tests.test_promo_bundle_apis.TestNationalTeamsAPI" name="test_national_teams_have_required_fields" time="0.125" /><testcase classname="backend.tests.test_promo_bundle_apis.TestNationalTeamsAPI" name="test_national_teams_have_year_2025_for_free_jersey" time="0.101" /><testcase classname="backend.tests.test_promo_bundle_apis.TestNationalTeamsAPI" name="test_national_teams_have_multiple_teams" time="0.084" /><testcase classname="backend.tests.test_promo_bundle_apis.TestOrdersAPI" name="test_create_order_with_bundle_structure" time="0.210" /><testcase classname="backend.tests.test_promo_bundle_apis.TestOrdersAPI" name="test_get_orders_list" time="0.112" /><testcase classname="backend.tests.test_promo_bundle_apis.TestCategoriesAPI" name="test_get_categories" time="0.081" /></testsuite></testsuites>